# JRE version: OpenJDK Runtime Environment (8.0_212-b01) (build 1.8.0_212-8u212-b01-1~deb9u1-b01)
# Java VM: OpenJDK 64-Bit Server VM (25.212-b01 mixed mode linux-amd64 compressed oops)
Heap:
 def new generation   total 235968K, used 38303K [0x00000000d0000000, 0x00000000e0000000, 0x00000000e0000000)
  eden space 209792K,   8% used [0x00000000d0000000, 0x00000000d113ee90, 0x00000000dcce0000)
  from space 26176K,  78% used [0x00000000dcce0000, 0x00000000de108dd8, 0x00000000de670000)
  to   space 26176K,   0% used [0x00000000de670000, 0x00000000de670000, 0x00000000e0000000)
 tenured generation   total 524288K, used 105785K [0x00000000e0000000, 0x0000000100000000, 0x0000000100000000)
   the space 524288K,  20% used [0x00000000e0000000, 0x00000000e674e740, 0x00000000e674e800, 0x0000000100000000)
 Metaspace       used 67371K, capacity 70268K, committed 70616K, reserved 1110016K
  class space    used 8489K, capacity 9351K, committed 9472K, reserved 1048576K
GC Heap History (10 events):
Event: 15.515 GC heap before
{Heap before GC invocations=22 (full 3):
 def new generation   total 235968K, used 214406K [0x00000000d0000000, 0x00000000e0000000, 0x00000000e0000000)
  eden space 209792K, 100% used [0x00000000d0000000, 0x00000000dcce0000, 0x00000000dcce0000)
  from space 26176K,  17% used [0x00000000de670000, 0x00000000deaf1bc0, 0x00000000e0000000)
  to   space 26176K,   0% used [0x00000000dcce0000, 0x00000000dcce0000, 0x00000000de670000)
 tenured generation   total 524288K, used 93800K [0x00000000e0000000, 0x0000000100000000, 0x0000000100000000)
   the space 524288K,  17% used [0x00000000e0000000, 0x00000000e5b9a2d8, 0x00000000e5b9a400, 0x0000000100000000)
 Metaspace       used 61560K, capacity 62786K, committed 63064K, reserved 1103872K
  class space    used 7463K, capacity 7765K, committed 7808K, reserved 1048576K
Event: 15.536 GC heap after
Heap after GC invocations=23 (full 3):
 def new generation   total 235968K, used 9334K [0x00000000d0000000, 0x00000000e0000000, 0x00000000e0000000)
  eden space 209792K,   0% used [0x00000000d0000000, 0x00000000d0000000, 0x00000000dcce0000)
  from space 26176K,  35% used [0x00000000dcce0000, 0x00000000dd5fd988, 0x00000000de670000)
  to   space 26176K,   0% used [0x00000000de670000, 0x00000000de670000, 0x00000000e0000000)
 tenured generation   total 524288K, used 93800K [0x00000000e0000000, 0x0000000100000000, 0x0000000100000000)
   the space 524288K,  17% used [0x00000000e0000000, 0x00000000e5b9a2d8, 0x00000000e5b9a400, 0x0000000100000000)
 Metaspace       used 61560K, capacity 62786K, committed 63064K, reserved 1103872K
  class space    used 7463K, capacity 7765K, committed 7808K, reserved 1048576K
}
Event: 16.725 GC heap before
{Heap before GC invocations=23 (full 3):
 def new generation   total 235968K, used 219126K [0x00000000d0000000, 0x00000000e0000000, 0x00000000e0000000)
  eden space 209792K, 100% used [0x00000000d0000000, 0x00000000dcce0000, 0x00000000dcce0000)
  from space 26176K,  35% used [0x00000000dcce0000, 0x00000000dd5fd988, 0x00000000de670000)
  to   space 26176K,   0% used [0x00000000de670000, 0x00000000de670000, 0x00000000e0000000)
 tenured generation   total 524288K, used 93800K [0x00000000e0000000, 0x0000000100000000, 0x0000000100000000)
   the space 524288K,  17% used [0x00000000e0000000, 0x00000000e5b9a2d8, 0x00000000e5b9a400, 0x0000000100000000)
 Metaspace       used 63165K, capacity 64980K, committed 64984K, reserved 1105920K
  class space    used 7798K, capacity 8447K, committed 8448K, reserved 1048576K
Event: 16.767 GC heap after
Heap after GC invocations=24 (full 3):
 def new generation   total 235968K, used 16327K [0x00000000d0000000, 0x00000000e0000000, 0x00000000e0000000)
  eden space 209792K,   0% used [0x00000000d0000000, 0x00000000d0000000, 0x00000000dcce0000)
  from space 26176K,  62% used [0x00000000de670000, 0x00000000df661ef0, 0x00000000e0000000)
  to   space 26176K,   0% used [0x00000000dcce0000, 0x00000000dcce0000, 0x00000000de670000)
 tenured generation   total 524288K, used 93800K [0x00000000e0000000, 0x0000000100000000, 0x0000000100000000)
   the space 524288K,  17% used [0x00000000e0000000, 0x00000000e5b9a2d8, 0x00000000e5b9a400, 0x0000000100000000)
 Metaspace       used 63165K, capacity 64980K, committed 64984K, reserved 1105920K
  class space    used 7798K, capacity 8447K, committed 8448K, reserved 1048576K
}
Event: 20.471 GC heap before
{Heap before GC invocations=24 (full 3):
 def new generation   total 235968K, used 226119K [0x00000000d0000000, 0x00000000e0000000, 0x00000000e0000000)
  eden space 209792K, 100% used [0x00000000d0000000, 0x00000000dcce0000, 0x00000000dcce0000)
  from space 26176K,  62% used [0x00000000de670000, 0x00000000df661ef0, 0x00000000e0000000)
  to   space 26176K,   0% used [0x00000000dcce0000, 0x00000000dcce0000, 0x00000000de670000)
 tenured generation   total 524288K, used 93800K [0x00000000e0000000, 0x0000000100000000, 0x0000000100000000)
   the space 524288K,  17% used [0x00000000e0000000, 0x00000000e5b9a2d8, 0x00000000e5b9a400, 0x0000000100000000)
 Metaspace       used 64606K, capacity 66506K, committed 66648K, reserved 1107968K
  class space    used 8032K, capacity 8715K, committed 8832K, reserved 1048576K
Event: 20.528 GC heap after
Heap after GC invocations=25 (full 3):
 def new generation   total 235968K, used 13926K [0x00000000d0000000, 0x00000000e0000000, 0x00000000e0000000)
  eden space 209792K,   0% used [0x00000000d0000000, 0x00000000d0000000, 0x00000000dcce0000)
  from space 26176K,  53% used [0x00000000dcce0000, 0x00000000dda79bd8, 0x00000000de670000)
  to   space 26176K,   0% used [0x00000000de670000, 0x00000000de670000, 0x00000000e0000000)
 tenured generation   total 524288K, used 97495K [0x00000000e0000000, 0x0000000100000000, 0x0000000100000000)
   the space 524288K,  18% used [0x00000000e0000000, 0x00000000e5f35f40, 0x00000000e5f36000, 0x0000000100000000)
 Metaspace       used 64606K, capacity 66506K, committed 66648K, reserved 1107968K
  class space    used 8032K, capacity 8715K, committed 8832K, reserved 1048576K
}
Event: 21.950 GC heap before
{Heap before GC invocations=25 (full 3):
 def new generation   total 235968K, used 223718K [0x00000000d0000000, 0x00000000e0000000, 0x00000000e0000000)
  eden space 209792K, 100% used [0x00000000d0000000, 0x00000000dcce0000, 0x00000000dcce0000)
  from space 26176K,  53% used [0x00000000dcce0000, 0x00000000dda79bd8, 0x00000000de670000)
  to   space 26176K,   0% used [0x00000000de670000, 0x00000000de670000, 0x00000000e0000000)
 tenured generation   total 524288K, used 97495K [0x00000000e0000000, 0x0000000100000000, 0x0000000100000000)
   the space 524288K,  18% used [0x00000000e0000000, 0x00000000e5f35f40, 0x00000000e5f36000, 0x0000000100000000)
 Metaspace       used 65793K, capacity 68224K, committed 68440K, reserved 1107968K
  class space    used 8280K, capacity 9082K, committed 9088K, reserved 1048576K
Event: 22.033 GC heap after
Heap after GC invocations=26 (full 3):
 def new generation   total 235968K, used 15306K [0x00000000d0000000, 0x00000000e0000000, 0x00000000e0000000)
  eden space 209792K,   0% used [0x00000000d0000000, 0x00000000d0000000, 0x00000000dcce0000)
  from space 26176K,  58% used [0x00000000de670000, 0x00000000df562950, 0x00000000e0000000)
  to   space 26176K,   0% used [0x00000000dcce0000, 0x00000000dcce0000, 0x00000000de670000)
 tenured generation   total 524288K, used 100678K [0x00000000e0000000, 0x0000000100000000, 0x0000000100000000)
   the space 524288K,  19% used [0x00000000e0000000, 0x00000000e62519b8, 0x00000000e6251a00, 0x0000000100000000)
 Metaspace       used 65793K, capacity 68224K, committed 68440K, reserved 1107968K
  class space    used 8280K, capacity 9082K, committed 9088K, reserved 1048576K
}
Event: 176.960 GC heap before
{Heap before GC invocations=26 (full 3):
 def new generation   total 235968K, used 225098K [0x00000000d0000000, 0x00000000e0000000, 0x00000000e0000000)
  eden space 209792K, 100% used [0x00000000d0000000, 0x00000000dcce0000, 0x00000000dcce0000)
  from space 26176K,  58% used [0x00000000de670000, 0x00000000df562950, 0x00000000e0000000)
  to   space 26176K,   0% used [0x00000000dcce0000, 0x00000000dcce0000, 0x00000000de670000)
 tenured generation   total 524288K, used 100678K [0x00000000e0000000, 0x0000000100000000, 0x0000000100000000)
   the space 524288K,  19% used [0x00000000e0000000, 0x00000000e62519b8, 0x00000000e6251a00, 0x0000000100000000)
 Metaspace       used 67223K, capacity 69996K, committed 70232K, reserved 1110016K
  class space    used 8461K, capacity 9317K, committed 9344K, reserved 1048576K
Event: 176.992 GC heap after
Heap after GC invocations=27 (full 3):
 def new generation   total 235968K, used 20643K [0x00000000d0000000, 0x00000000e0000000, 0x00000000e0000000)
  eden space 209792K,   0% used [0x00000000d0000000, 0x00000000d0000000, 0x00000000dcce0000)
  from space 26176K,  78% used [0x00000000dcce0000, 0x00000000de108dd8, 0x00000000de670000)
  to   space 26176K,   0% used [0x00000000de670000, 0x00000000de670000, 0x00000000e0000000)
 tenured generation   total 524288K, used 105785K [0x00000000e0000000, 0x0000000100000000, 0x0000000100000000)
   the space 524288K,  20% used [0x00000000e0000000, 0x00000000e674e740, 0x00000000e674e800, 0x0000000100000000)
 Metaspace       used 67223K, capacity 69996K, committed 70232K, reserved 1110016K
  class space    used 8461K, capacity 9317K, committed 9344K, reserved 1048576K
}

